#
# There is insufficient memory for the Java Runtime Environment to continue.
# Native memory allocation (malloc) failed to allocate 1048576 bytes for AllocateHeap
# Possible reasons:
#   The system is out of physical RAM or swap space
#   In 32 bit mode, the process size limit was hit
# Possible solutions:
#   Reduce memory load on the system
#   Increase physical memory or swap space
#   Check if swap backing store is full
#   Use 64 bit Java on a 64 bit OS
#   Decrease Java heap size (-Xmx/-Xms)
#   Decrease number of Java threads
#   Decrease Java thread stack sizes (-Xss)
#   Set larger code cache with -XX:ReservedCodeCacheSize=
# This output file may be truncated or incomplete.
#
#  Out of Memory Error (memory/allocation.inline.hpp:61), pid=11516, tid=0x0000000000003d5c
#
# JRE version:  (8.0_111-b14) (build )
# Java VM: Java HotSpot(TM) 64-Bit Server VM (25.111-b14 mixed mode windows-amd64 compressed oops)
# Failed to write core dump. Minidumps are not enabled by default on client versions of Windows
#

---------------  T H R E A D  ---------------

Current thread (0x000000000090e000):  JavaThread "Unknown thread" [_thread_in_vm, id=15708, stack(0x00000000025c0000,0x00000000026c0000)]

Stack: [0x00000000025c0000,0x00000000026c0000]
[error occurred during error reporting (printing stack bounds), id 0xc0000005]

Native frames: (J=compiled Java code, j=interpreted, Vv=VM code, C=native code)


---------------  P R O C E S S  ---------------

Java Threads: ( => current thread )

Other Threads:

=>0x000000000090e000 (exited) JavaThread "Unknown thread" [_thread_in_vm, id=15708, stack(0x00000000025c0000,0x00000000026c0000)]

VM state:not at safepoint (normal execution)

VM Mutex/Monitor currently owned by a thread: None

Heap:
 PSYoungGen      total 38400K, used 665K [0x00000000d5e00000, 0x00000000d8880000, 0x0000000100000000)
  eden space 33280K, 2% used [0x00000000d5e00000,0x00000000d5ea6670,0x00000000d7e80000)
  from space 5120K, 0% used [0x00000000d8380000,0x00000000d8380000,0x00000000d8880000)
  to   space 5120K, 0% used [0x00000000d7e80000,0x00000000d7e80000,0x00000000d8380000)
 ParOldGen       total 87552K, used 0K [0x0000000081a00000, 0x0000000086f80000, 0x00000000d5e00000)
  object space 87552K, 0% used [0x0000000081a00000,0x0000000081a00000,0x0000000086f80000)
 Metaspace       used 746K, capacity 4480K, committed 4480K, reserved 1056768K
  class space    used 75K, capacity 384K, committed 384K, reserved 1048576K

Card table byte_map: [0x0000000011ba0000,0x0000000011fa0000] byte_map_base: 0x0000000011793000

Marking Bits: (ParMarkBitMap*) 0x000000005575a6c0
 Begin Bits: [0x0000000012650000, 0x00000000145e8000)
 End Bits:   [0x00000000145e8000, 0x0000000016580000)

Polling page: 0x00000000008d0000

CodeCache: size=245760Kb used=328Kb max_used=328Kb free=245431Kb
 bounds [0x00000000027e0000, 0x0000000002a50000, 0x00000000117e0000]
 total_blobs=58 nmethods=0 adapters=38
 compilation: enabled

Compilation events (0 events):
No events

GC Heap History (0 events):
No events

Deoptimization events (0 events):
No events

Internal exceptions (0 events):
No events

Events (10 events):
Event: 0.027 loading class java/lang/Short
Event: 0.027 loading class java/lang/Short done
Event: 0.027 loading class java/lang/Integer
Event: 0.027 loading class java/lang/Integer done
Event: 0.027 loading class java/lang/Long
Event: 0.027 loading class java/lang/Long done
Event: 0.028 loading class java/lang/NullPointerException
Event: 0.028 loading class java/lang/NullPointerException done
Event: 0.028 loading class java/lang/ArithmeticException
Event: 0.028 loading class java/lang/ArithmeticException done


Dynamic libraries:
0x00007ff7e2080000 - 0x00007ff7e20b7000 	C:\Program Files\Java\jre1.8.0_111\bin\javaw.exe
0x00007ffd339a0000 - 0x00007ffd33b90000 	C:\WINDOWS\SYSTEM32\ntdll.dll
0x00007ffd33770000 - 0x00007ffd33822000 	C:\WINDOWS\System32\KERNEL32.DLL
0x00007ffd31720000 - 0x00007ffd319c4000 	C:\WINDOWS\System32\KERNELBASE.dll
0x00007ffd31eb0000 - 0x00007ffd31f53000 	C:\WINDOWS\System32\ADVAPI32.dll
0x00007ffd32ac0000 - 0x00007ffd32b5e000 	C:\WINDOWS\System32\msvcrt.dll
0x00007ffd32940000 - 0x00007ffd329d7000 	C:\WINDOWS\System32\sechost.dll
0x00007ffd31d90000 - 0x00007ffd31eb0000 	C:\WINDOWS\System32\RPCRT4.dll
0x00007ffd33410000 - 0x00007ffd335a4000 	C:\WINDOWS\System32\USER32.dll
0x00007ffd309d0000 - 0x00007ffd309f1000 	C:\WINDOWS\System32\win32u.dll
0x00007ffd32d70000 - 0x00007ffd32d96000 	C:\WINDOWS\System32\GDI32.dll
0x00007ffd31310000 - 0x00007ffd314a6000 	C:\WINDOWS\System32\gdi32full.dll
0x00007ffd30a00000 - 0x00007ffd30a9e000 	C:\WINDOWS\System32\msvcp_win.dll
0x00007ffd314b0000 - 0x00007ffd315aa000 	C:\WINDOWS\System32\ucrtbase.dll
0x00007ffd1cf50000 - 0x00007ffd1d1d4000 	C:\WINDOWS\WinSxS\amd64_microsoft.windows.common-controls_6595b64144ccf1df_6.0.18362.959_none_e6c7bbbf130c62bb\COMCTL32.dll
0x00007ffd31a50000 - 0x00007ffd31d85000 	C:\WINDOWS\System32\combase.dll
0x00007ffd319d0000 - 0x00007ffd31a50000 	C:\WINDOWS\System32\bcryptPrimitives.dll
0x00007ffd32ec0000 - 0x00007ffd32eee000 	C:\WINDOWS\System32\IMM32.DLL
0x0000000056790000 - 0x0000000056862000 	C:\Program Files\Java\jre1.8.0_111\bin\msvcr100.dll
0x0000000054f40000 - 0x00000000557da000 	C:\Program Files\Java\jre1.8.0_111\bin\server\jvm.dll
0x00007ffd32dc0000 - 0x00007ffd32dc8000 	C:\WINDOWS\System32\PSAPI.DLL
0x00007ffd2e600000 - 0x00007ffd2e624000 	C:\WINDOWS\SYSTEM32\WINMM.dll
0x00007ffd2bb40000 - 0x00007ffd2bb4a000 	C:\WINDOWS\SYSTEM32\VERSION.dll
0x00007ffd1de40000 - 0x00007ffd1de49000 	C:\WINDOWS\SYSTEM32\WSOCK32.dll
0x00007ffd32dd0000 - 0x00007ffd32e3f000 	C:\WINDOWS\System32\WS2_32.dll
0x00007ffd2dc00000 - 0x00007ffd2dc2d000 	C:\WINDOWS\SYSTEM32\WINMMBASE.dll
0x00007ffd31290000 - 0x00007ffd312da000 	C:\WINDOWS\System32\cfgmgr32.dll
0x0000000054f30000 - 0x0000000054f3f000 	C:\Program Files\Java\jre1.8.0_111\bin\verify.dll
0x0000000054f00000 - 0x0000000054f29000 	C:\Program Files\Java\jre1.8.0_111\bin\java.dll
0x0000000054ee0000 - 0x0000000054ef6000 	C:\Program Files\Java\jre1.8.0_111\bin\zip.dll

VM Arguments:
jvm_args: -Dfile.encoding=Cp1252 
java_command: visual.Login
java_class_path (initial): C:\Users\gusgo\git\Proyecto-P1\TiendaComputadoras\bin;C:\Users\gusgo\git\Proyecto-P1\TiendaComputadoras\lib\jcommon-1.0.23.jar;C:\Users\gusgo\git\Proyecto-P1\TiendaComputadoras\lib\jfreechart-1.0.19.jar;C:\Users\gusgo\git\Proyecto-P1\TiendaComputadoras\lib\mssql-jdbc-8.2.2.jre8.jar
Launcher Type: SUN_STANDARD

Environment Variables:
USERNAME=gusgo
OS=Windows_NT
PROCESSOR_IDENTIFIER=Intel64 Family 6 Model 78 Stepping 3, GenuineIntel



---------------  S Y S T E M  ---------------

OS: Windows 10.0 , 64 bit Build 18362 (10.0.18362.959)

CPU:total 4 (2 cores per cpu, 2 threads per core) family 6 model 78 stepping 3, cmov, cx8, fxsr, mmx, sse, sse2, sse3, ssse3, sse4.1, sse4.2, popcnt, avx, avx2, aes, clmul, erms, 3dnowpref, lzcnt, ht, tsc, tscinvbit, bmi1, bmi2, adx

Memory: 4k page, physical 8278004k(1142696k free), swap 8278004k(5552k free)

vm_info: Java HotSpot(TM) 64-Bit Server VM (25.111-b14) for windows-amd64 JRE (1.8.0_111-b14), built on Sep 22 2016 19:24:05 by "java_re" with MS VC++ 10.0 (VS2010)

time: Mon Aug 10 09:18:46 2020
elapsed time: 0 seconds (0d 0h 0m 0s)

