#
# There is insufficient memory for the Java Runtime Environment to continue.
# Native memory allocation (malloc) failed to allocate 326416 bytes for Chunk::new
# Possible reasons:
#   The system is out of physical RAM or swap space
#   In 32 bit mode, the process size limit was hit
# Possible solutions:
#   Reduce memory load on the system
#   Increase physical memory or swap space
#   Check if swap backing store is full
#   Use 64 bit Java on a 64 bit OS
#   Decrease Java heap size (-Xmx/-Xms)
#   Decrease number of Java threads
#   Decrease Java thread stack sizes (-Xss)
#   Set larger code cache with -XX:ReservedCodeCacheSize=
# This output file may be truncated or incomplete.
#
#  Out of Memory Error (allocation.cpp:390), pid=13932, tid=0x0000000000002858
#
# JRE version: Java(TM) SE Runtime Environment (8.0_111-b14) (build 1.8.0_111-b14)
# Java VM: Java HotSpot(TM) 64-Bit Server VM (25.111-b14 mixed mode windows-amd64 compressed oops)
# Failed to write core dump. Minidumps are not enabled by default on client versions of Windows
#

---------------  T H R E A D  ---------------

Current thread (0x00000000179c0000):  JavaThread "C2 CompilerThread0" daemon [_thread_in_native, id=10328, stack(0x0000000019010000,0x0000000019110000)]

Stack: [0x0000000019010000,0x0000000019110000]
[error occurred during error reporting (printing stack bounds), id 0xc0000005]

Native frames: (J=compiled Java code, j=interpreted, Vv=VM code, C=native code)


Current CompileTask:
C2:   6964 1266   !   4       sun.misc.URLClassPath$JarLoader::getResource (85 bytes)


---------------  P R O C E S S  ---------------

Java Threads: ( => current thread )
  0x000000001afd1000 JavaThread "Thread-3" [_thread_blocked, id=7472, stack(0x000000001d8f0000,0x000000001d9f0000)]
  0x000000001acf1800 JavaThread "Image Fetcher 0" daemon [_thread_blocked, id=6456, stack(0x000000001c8b0000,0x000000001c9b0000)]
  0x0000000002d7e000 JavaThread "DestroyJavaVM" [_thread_blocked, id=4192, stack(0x0000000002c70000,0x0000000002d70000)]
  0x00000000196d2800 JavaThread "AWT-EventQueue-0" [_thread_in_native, id=11056, stack(0x000000001a490000,0x000000001a590000)]
  0x00000000196cd000 JavaThread "AWT-Windows" daemon [_thread_in_native, id=14980, stack(0x000000001a250000,0x000000001a350000)]
  0x00000000196c6800 JavaThread "AWT-Shutdown" [_thread_blocked, id=8416, stack(0x000000001a150000,0x000000001a250000)]
  0x00000000196c4800 JavaThread "Java2D Disposer" daemon [_thread_blocked, id=592, stack(0x000000001a050000,0x000000001a150000)]
  0x0000000017a1e000 JavaThread "Service Thread" daemon [_thread_blocked, id=7932, stack(0x0000000019710000,0x0000000019810000)]
  0x0000000017a10000 JavaThread "C1 CompilerThread2" daemon [_thread_blocked, id=1472, stack(0x0000000019210000,0x0000000019310000)]
  0x00000000179e2800 JavaThread "C2 CompilerThread1" daemon [_thread_in_native, id=12676, stack(0x0000000019110000,0x0000000019210000)]
=>0x00000000179c0000 JavaThread "C2 CompilerThread0" daemon [_thread_in_native, id=10328, stack(0x0000000019010000,0x0000000019110000)]
  0x00000000179be800 JavaThread "Attach Listener" daemon [_thread_blocked, id=6624, stack(0x0000000018f10000,0x0000000019010000)]
  0x00000000179bd800 JavaThread "Signal Dispatcher" daemon [_thread_blocked, id=10076, stack(0x0000000018e10000,0x0000000018f10000)]
  0x0000000002e7b000 JavaThread "Finalizer" daemon [_thread_blocked, id=12352, stack(0x0000000018c10000,0x0000000018d10000)]
  0x0000000002e70000 JavaThread "Reference Handler" daemon [_thread_blocked, id=5352, stack(0x0000000018b10000,0x0000000018c10000)]

Other Threads:
  0x0000000017987800 VMThread [stack: 0x0000000018a10000,0x0000000018b10000] [id=10052]
  0x0000000019353800 WatcherThread [stack: 0x0000000019810000,0x0000000019910000] [id=13740]

VM state:at safepoint (normal execution)

VM Mutex/Monitor currently owned by a thread:  ([mutex/lock_event])
[0x0000000002d7c910] Threads_lock - owner thread: 0x0000000017987800
[0x0000000002d7cf10] Heap_lock - owner thread: 0x00000000196d2800

Heap:
 PSYoungGen      total 38400K, used 321K [0x00000000d5e00000, 0x00000000d8880000, 0x0000000100000000)
  eden space 33280K, 0% used [0x00000000d5e00000,0x00000000d5e00000,0x00000000d7e80000)
  from space 5120K, 6% used [0x00000000d8380000,0x00000000d83d0550,0x00000000d8880000)
  to   space 5120K, 0% used [0x00000000d7e80000,0x00000000d7e80000,0x00000000d8380000)
 ParOldGen       total 60928K, used 4704K [0x0000000081a00000, 0x0000000085580000, 0x00000000d5e00000)
  object space 60928K, 7% used [0x0000000081a00000,0x0000000081e982e8,0x0000000085580000)
 Metaspace       used 17478K, capacity 17724K, committed 18048K, reserved 1079296K
  class space    used 1981K, capacity 2066K, committed 2176K, reserved 1048576K

Card table byte_map: [0x0000000012240000,0x0000000012640000] byte_map_base: 0x0000000011e33000

Marking Bits: (ParMarkBitMap*) 0x0000000056eba6c0
 Begin Bits: [0x0000000012cf0000, 0x0000000014c88000)
 End Bits:   [0x0000000014c88000, 0x0000000016c20000)

Polling page: 0x00000000010e0000

CodeCache: size=245760Kb used=4213Kb max_used=4219Kb free=241546Kb
 bounds [0x0000000002e80000, 0x00000000032b0000, 0x0000000011e80000]
 total_blobs=1853 nmethods=1258 adapters=508
 compilation: enabled

Compilation events (10 events):
Event: 6.874 Thread 0x0000000017a10000 nmethod 1265 0x000000000300d550 code [0x000000000300d780, 0x000000000300e358]
Event: 6.882 Thread 0x00000000179c0000 1266   !   4       sun.misc.URLClassPath$JarLoader::getResource (85 bytes)
Event: 6.901 Thread 0x00000000179e2800 1267       4       java.io.WinNTFileSystem::normalize (143 bytes)
Event: 6.901 Thread 0x0000000017a10000 1268       3       java.net.URLClassLoader::defineClass (142 bytes)
Event: 6.903 Thread 0x0000000017a10000 nmethod 1268 0x000000000329d150 code [0x000000000329d4c0, 0x000000000329f798]
Event: 6.903 Thread 0x0000000017a10000 1269       3       java.lang.ClassNotFoundException::<init> (7 bytes)
Event: 6.903 Thread 0x0000000017a10000 nmethod 1269 0x000000000300aa90 code [0x000000000300ac00, 0x000000000300ae48]
Event: 6.906 Thread 0x00000000179e2800 nmethod 1267 0x0000000003008e10 code [0x0000000003008f80, 0x0000000003009308]
Event: 6.908 Thread 0x0000000017a10000 1270       3       java.lang.StringBuffer::<init> (7 bytes)
Event: 6.908 Thread 0x0000000017a10000 nmethod 1270 0x000000000300a550 code [0x000000000300a6c0, 0x000000000300a970]

GC Heap History (10 events):
Event: 0.320 GC heap after
Heap after GC invocations=1 (full 0):
 PSYoungGen      total 38400K, used 768K [0x00000000d5e00000, 0x00000000d8880000, 0x0000000100000000)
  eden space 33280K, 0% used [0x00000000d5e00000,0x00000000d5e00000,0x00000000d7e80000)
  from space 5120K, 15% used [0x00000000d7e80000,0x00000000d7f40020,0x00000000d8380000)
  to   space 5120K, 0% used [0x00000000d8380000,0x00000000d8380000,0x00000000d8880000)
 ParOldGen       total 87552K, used 8K [0x0000000081a00000, 0x0000000086f80000, 0x00000000d5e00000)
  object space 87552K, 0% used [0x0000000081a00000,0x0000000081a02000,0x0000000086f80000)
 Metaspace       used 5372K, capacity 5508K, committed 5632K, reserved 1067008K
  class space    used 644K, capacity 729K, committed 768K, reserved 1048576K
}
Event: 0.320 GC heap before
{Heap before GC invocations=2 (full 1):
 PSYoungGen      total 38400K, used 768K [0x00000000d5e00000, 0x00000000d8880000, 0x0000000100000000)
  eden space 33280K, 0% used [0x00000000d5e00000,0x00000000d5e00000,0x00000000d7e80000)
  from space 5120K, 15% used [0x00000000d7e80000,0x00000000d7f40020,0x00000000d8380000)
  to   space 5120K, 0% used [0x00000000d8380000,0x00000000d8380000,0x00000000d8880000)
 ParOldGen       total 87552K, used 8K [0x0000000081a00000, 0x0000000086f80000, 0x00000000d5e00000)
  object space 87552K, 0% used [0x0000000081a00000,0x0000000081a02000,0x0000000086f80000)
 Metaspace       used 5372K, capacity 5508K, committed 5632K, reserved 1067008K
  class space    used 644K, capacity 729K, committed 768K, reserved 1048576K
Event: 0.329 GC heap after
Heap after GC invocations=2 (full 1):
 PSYoungGen      total 38400K, used 0K [0x00000000d5e00000, 0x00000000d8880000, 0x0000000100000000)
  eden space 33280K, 0% used [0x00000000d5e00000,0x00000000d5e00000,0x00000000d7e80000)
  from space 5120K, 0% used [0x00000000d7e80000,0x00000000d7e80000,0x00000000d8380000)
  to   space 5120K, 0% used [0x00000000d8380000,0x00000000d8380000,0x00000000d8880000)
 ParOldGen       total 60928K, used 653K [0x0000000081a00000, 0x0000000085580000, 0x00000000d5e00000)
  object space 60928K, 1% used [0x0000000081a00000,0x0000000081aa3528,0x0000000085580000)
 Metaspace       used 5372K, capacity 5508K, committed 5632K, reserved 1062912K
  class space    used 644K, capacity 729K, committed 768K, reserved 1048576K
}
Event: 6.805 GC heap before
{Heap before GC invocations=3 (full 1):
 PSYoungGen      total 38400K, used 27523K [0x00000000d5e00000, 0x00000000d8880000, 0x0000000100000000)
  eden space 33280K, 82% used [0x00000000d5e00000,0x00000000d78e0cb8,0x00000000d7e80000)
  from space 5120K, 0% used [0x00000000d7e80000,0x00000000d7e80000,0x00000000d8380000)
  to   space 5120K, 0% used [0x00000000d8380000,0x00000000d8380000,0x00000000d8880000)
 ParOldGen       total 60928K, used 653K [0x0000000081a00000, 0x0000000085580000, 0x00000000d5e00000)
  object space 60928K, 1% used [0x0000000081a00000,0x0000000081aa3528,0x0000000085580000)
 Metaspace       used 16611K, capacity 16860K, committed 17152K, reserved 1075200K
  class space    used 1887K, capacity 1970K, committed 2048K, reserved 1048576K
Event: 6.815 GC heap after
Heap after GC invocations=3 (full 1):
 PSYoungGen      total 38400K, used 5090K [0x00000000d5e00000, 0x00000000d8880000, 0x0000000100000000)
  eden space 33280K, 0% used [0x00000000d5e00000,0x00000000d5e00000,0x00000000d7e80000)
  from space 5120K, 99% used [0x00000000d8380000,0x00000000d8878bf8,0x00000000d8880000)
  to   space 5120K, 0% used [0x00000000d7e80000,0x00000000d7e80000,0x00000000d8380000)
 ParOldGen       total 60928K, used 2456K [0x0000000081a00000, 0x0000000085580000, 0x00000000d5e00000)
  object space 60928K, 4% used [0x0000000081a00000,0x0000000081c66048,0x0000000085580000)
 Metaspace       used 16611K, capacity 16860K, committed 17152K, reserved 1075200K
  class space    used 1887K, capacity 1970K, committed 2048K, reserved 1048576K
}
Event: 6.815 GC heap before
{Heap before GC invocations=4 (full 2):
 PSYoungGen      total 38400K, used 5090K [0x00000000d5e00000, 0x00000000d8880000, 0x0000000100000000)
  eden space 33280K, 0% used [0x00000000d5e00000,0x00000000d5e00000,0x00000000d7e80000)
  from space 5120K, 99% used [0x00000000d8380000,0x00000000d8878bf8,0x00000000d8880000)
  to   space 5120K, 0% used [0x00000000d7e80000,0x00000000d7e80000,0x00000000d8380000)
 ParOldGen       total 60928K, used 2456K [0x0000000081a00000, 0x0000000085580000, 0x00000000d5e00000)
  object space 60928K, 4% used [0x0000000081a00000,0x0000000081c66048,0x0000000085580000)
 Metaspace       used 16611K, capacity 16860K, committed 17152K, reserved 1075200K
  class space    used 1887K, capacity 1970K, committed 2048K, reserved 1048576K
Event: 6.847 GC heap after
Heap after GC invocations=4 (full 2):
 PSYoungGen      total 38400K, used 0K [0x00000000d5e00000, 0x00000000d8880000, 0x0000000100000000)
  eden space 33280K, 0% used [0x00000000d5e00000,0x00000000d5e00000,0x00000000d7e80000)
  from space 5120K, 0% used [0x00000000d8380000,0x00000000d8380000,0x00000000d8880000)
  to   space 5120K, 0% used [0x00000000d7e80000,0x00000000d7e80000,0x00000000d8380000)
 ParOldGen       total 60928K, used 7265K [0x0000000081a00000, 0x0000000085580000, 0x00000000d5e00000)
  object space 60928K, 11% used [0x0000000081a00000,0x00000000821184b8,0x0000000085580000)
 Metaspace       used 16611K, capacity 16860K, committed 17152K, reserved 1073152K
  class space    used 1887K, capacity 1970K, committed 2048K, reserved 1048576K
}
Event: 6.914 GC heap before
{Heap before GC invocations=5 (full 2):
 PSYoungGen      total 38400K, used 4162K [0x00000000d5e00000, 0x00000000d8880000, 0x0000000100000000)
  eden space 33280K, 12% used [0x00000000d5e00000,0x00000000d62108c0,0x00000000d7e80000)
  from space 5120K, 0% used [0x00000000d8380000,0x00000000d8380000,0x00000000d8880000)
  to   space 5120K, 0% used [0x00000000d7e80000,0x00000000d7e80000,0x00000000d8380000)
 ParOldGen       total 60928K, used 7265K [0x0000000081a00000, 0x0000000085580000, 0x00000000d5e00000)
  object space 60928K, 11% used [0x0000000081a00000,0x00000000821184b8,0x0000000085580000)
 Metaspace       used 17381K, capacity 17628K, committed 17920K, reserved 1075200K
  class space    used 1966K, capacity 2034K, committed 2048K, reserved 1048576K
Event: 6.915 GC heap after
Heap after GC invocations=5 (full 2):
 PSYoungGen      total 38400K, used 679K [0x00000000d5e00000, 0x00000000d8880000, 0x0000000100000000)
  eden space 33280K, 0% used [0x00000000d5e00000,0x00000000d5e00000,0x00000000d7e80000)
  from space 5120K, 13% used [0x00000000d7e80000,0x00000000d7f29c28,0x00000000d8380000)
  to   space 5120K, 0% used [0x00000000d8380000,0x00000000d8380000,0x00000000d8880000)
 ParOldGen       total 60928K, used 7265K [0x0000000081a00000, 0x0000000085580000, 0x00000000d5e00000)
  object space 60928K, 11% used [0x0000000081a00000,0x00000000821184b8,0x0000000085580000)
 Metaspace       used 17381K, capacity 17628K, committed 17920K, reserved 1075200K
  class space    used 1966K, capacity 2034K, committed 2048K, reserved 1048576K
}
Event: 6.915 GC heap before
{Heap before GC invocations=6 (full 3):
 PSYoungGen      total 38400K, used 679K [0x00000000d5e00000, 0x00000000d8880000, 0x0000000100000000)
  eden space 33280K, 0% used [0x00000000d5e00000,0x00000000d5e00000,0x00000000d7e80000)
  from space 5120K, 13% used [0x00000000d7e80000,0x00000000d7f29c28,0x00000000d8380000)
  to   space 5120K, 0% used [0x00000000d8380000,0x00000000d8380000,0x00000000d8880000)
 ParOldGen       total 60928K, used 7265K [0x0000000081a00000, 0x0000000085580000, 0x00000000d5e00000)
  object space 60928K, 11% used [0x0000000081a00000,0x00000000821184b8,0x0000000085580000)
 Metaspace       used 17381K, capacity 17628K, committed 17920K, reserved 1075200K
  class space    used 1966K, capacity 2034K, committed 2048K, reserved 1048576K

Deoptimization events (10 events):
Event: 3.201 Thread 0x00000000196d2800 Uncommon trap: reason=bimorphic action=maybe_recompile pc=0x00000000030fd974 method=java.util.regex.Pattern$BmpCharProperty.match(Ljava/util/regex/Matcher;ILjava/lang/CharSequence;)Z @ 31
Event: 3.321 Thread 0x00000000196d2800 Uncommon trap: reason=unstable_if action=reinterpret pc=0x000000000312967c method=java.util.Arrays.equals([B[B)Z @ 12
Event: 3.363 Thread 0x00000000196d2800 Uncommon trap: reason=unstable_if action=reinterpret pc=0x00000000031341fc method=java.util.HashMap.resize()[Ljava/util/HashMap$Node; @ 56
Event: 3.399 Thread 0x00000000196d2800 Uncommon trap: reason=unstable_if action=reinterpret pc=0x00000000030c6098 method=java.util.HashMap.putVal(ILjava/lang/Object;Ljava/lang/Object;ZZ)Ljava/lang/Object; @ 162
Event: 3.400 Thread 0x00000000196d2800 Uncommon trap: reason=unstable_if action=reinterpret pc=0x00000000030c7490 method=java.util.HashMap.putVal(ILjava/lang/Object;Ljava/lang/Object;ZZ)Ljava/lang/Object; @ 162
Event: 3.547 Thread 0x00000000196d2800 Uncommon trap: reason=unstable_if action=reinterpret pc=0x000000000318e980 method=java.util.HashMap.hash(Ljava/lang/Object;)I @ 1
Event: 3.549 Thread 0x00000000196d2800 Uncommon trap: reason=unstable_if action=reinterpret pc=0x00000000030ccf28 method=java.util.HashMap.hash(Ljava/lang/Object;)I @ 1
Event: 3.587 Thread 0x00000000196d2800 Uncommon trap: reason=unstable_if action=reinterpret pc=0x00000000031cd45c method=sun.nio.cs.UTF_8$Encoder.encode([CII[B)I @ 33
Event: 3.691 Thread 0x00000000196d2800 Uncommon trap: reason=unstable_if action=reinterpret pc=0x00000000030bf474 method=java.lang.ref.SoftReference.get()Ljava/lang/Object; @ 6
Event: 3.702 Thread 0x00000000196d2800 Uncommon trap: reason=unstable_if action=reinterpret pc=0x00000000030f3850 method=java.lang.StringCoding$StringDecoder.decode([BII)[C @ 33

Internal exceptions (10 events):
Event: 0.182 Thread 0x0000000002d7e000 Exception <a 'java/security/PrivilegedActionException'> (0x00000000d5e90f68) thrown at [C:\re\workspace\8-2-build-windows-amd64-cygwin\jdk8u111\7883\hotspot\src\share\vm\prims\jvm.cpp, line 1386]
Event: 0.183 Thread 0x0000000002d7e000 Exception <a 'java/security/PrivilegedActionException'> (0x00000000d5e94bb0) thrown at [C:\re\workspace\8-2-build-windows-amd64-cygwin\jdk8u111\7883\hotspot\src\share\vm\prims\jvm.cpp, line 1386]
Event: 0.183 Thread 0x0000000002d7e000 Exception <a 'java/security/PrivilegedActionException'> (0x00000000d5e94dc0) thrown at [C:\re\workspace\8-2-build-windows-amd64-cygwin\jdk8u111\7883\hotspot\src\share\vm\prims\jvm.cpp, line 1386]
Event: 0.189 Thread 0x0000000002d7e000 Exception <a 'java/io/FileNotFoundException'> (0x00000000d5e97320) thrown at [C:\re\workspace\8-2-build-windows-amd64-cygwin\jdk8u111\7883\hotspot\src\share\vm\prims\jni.cpp, line 709]
Event: 0.240 Thread 0x0000000002d7e000 Exception <a 'java/lang/NoSuchFieldError': method resolution failed> (0x00000000d600bcc0) thrown at [C:\re\workspace\8-2-build-windows-amd64-cygwin\jdk8u111\7883\hotspot\src\share\vm\prims\methodHandles.cpp, line 1146]
Event: 0.241 Thread 0x0000000002d7e000 Exception <a 'java/lang/NoSuchFieldError': method resolution failed> (0x00000000d6019090) thrown at [C:\re\workspace\8-2-build-windows-amd64-cygwin\jdk8u111\7883\hotspot\src\share\vm\prims\methodHandles.cpp, line 1146]
Event: 3.321 Thread 0x00000000196d2800 Implicit null exception at 0x00000000031294d8 to 0x0000000003129669
Event: 3.511 Thread 0x00000000196d2800 Exception <a 'java/io/FileNotFoundException'> (0x00000000d7317348) thrown at [C:\re\workspace\8-2-build-windows-amd64-cygwin\jdk8u111\7883\hotspot\src\share\vm\prims\jni.cpp, line 709]
Event: 3.547 Thread 0x00000000196d2800 Implicit null exception at 0x000000000318e755 to 0x000000000318e971
Event: 3.549 Thread 0x00000000196d2800 Implicit null exception at 0x00000000030cceaf to 0x00000000030ccf19

Events (10 events):
Event: 6.912 loading class org/jfree/chart/JFreeChartInfo done
Event: 6.912 loading class org/jfree/chart/JFreeChart$1
Event: 6.912 loading class org/jfree/chart/JFreeChart$1 done
Event: 6.912 loading class org/jfree/chart/entity/JFreeChartEntity
Event: 6.913 loading class org/jfree/chart/entity/JFreeChartEntity done
Event: 6.913 loading class org/jfree/chart/event/TitleChangeEvent
Event: 6.913 loading class org/jfree/chart/event/TitleChangeEvent done
Event: 6.913 loading class org/jfree/chart/title/LegendTitle
Event: 6.913 loading class org/jfree/chart/title/LegendTitle done
Event: 6.914 Executing VM operation: CollectForMetadataAllocation


Dynamic libraries:
0x00007ff759b40000 - 0x00007ff759b77000 	C:\Program Files\Java\jre1.8.0_111\bin\javaw.exe
0x00007ffdd0900000 - 0x00007ffdd0af0000 	C:\WINDOWS\SYSTEM32\ntdll.dll
0x00007ffdced50000 - 0x00007ffdcee02000 	C:\WINDOWS\System32\KERNEL32.DLL
0x00007ffdce5e0000 - 0x00007ffdce884000 	C:\WINDOWS\System32\KERNELBASE.dll
0x00007ffdcf7c0000 - 0x00007ffdcf863000 	C:\WINDOWS\System32\ADVAPI32.dll
0x00007ffdcf0a0000 - 0x00007ffdcf13e000 	C:\WINDOWS\System32\msvcrt.dll
0x00007ffdce9b0000 - 0x00007ffdcea47000 	C:\WINDOWS\System32\sechost.dll
0x00007ffdcf870000 - 0x00007ffdcf990000 	C:\WINDOWS\System32\RPCRT4.dll
0x00007ffdcff60000 - 0x00007ffdd00f4000 	C:\WINDOWS\System32\USER32.dll
0x00007ffdcd880000 - 0x00007ffdcd8a1000 	C:\WINDOWS\System32\win32u.dll
0x00007ffdcf480000 - 0x00007ffdcf4a6000 	C:\WINDOWS\System32\GDI32.dll
0x00007ffdcd990000 - 0x00007ffdcdb26000 	C:\WINDOWS\System32\gdi32full.dll
0x00007ffdce890000 - 0x00007ffdce92e000 	C:\WINDOWS\System32\msvcp_win.dll
0x00007ffdcdb30000 - 0x00007ffdcdc2a000 	C:\WINDOWS\System32\ucrtbase.dll
0x00007ffdb8ec0000 - 0x00007ffdb9144000 	C:\WINDOWS\WinSxS\amd64_microsoft.windows.common-controls_6595b64144ccf1df_6.0.18362.959_none_e6c7bbbf130c62bb\COMCTL32.dll
0x00007ffdcf140000 - 0x00007ffdcf475000 	C:\WINDOWS\System32\combase.dll
0x00007ffdce930000 - 0x00007ffdce9b0000 	C:\WINDOWS\System32\bcryptPrimitives.dll
0x00007ffdcea50000 - 0x00007ffdcea7e000 	C:\WINDOWS\System32\IMM32.DLL
0x0000000056170000 - 0x0000000056242000 	C:\Program Files\Java\jre1.8.0_111\bin\msvcr100.dll
0x00000000566a0000 - 0x0000000056f3a000 	C:\Program Files\Java\jre1.8.0_111\bin\server\jvm.dll
0x00007ffdcea80000 - 0x00007ffdcea88000 	C:\WINDOWS\System32\PSAPI.DLL
0x00007ffdb9fd0000 - 0x00007ffdb9fd9000 	C:\WINDOWS\SYSTEM32\WSOCK32.dll
0x00007ffdceee0000 - 0x00007ffdcef4f000 	C:\WINDOWS\System32\WS2_32.dll
0x00007ffdcb570000 - 0x00007ffdcb594000 	C:\WINDOWS\SYSTEM32\WINMM.dll
0x00007ffdc88f0000 - 0x00007ffdc88fa000 	C:\WINDOWS\SYSTEM32\VERSION.dll
0x00007ffdcb540000 - 0x00007ffdcb56d000 	C:\WINDOWS\SYSTEM32\WINMMBASE.dll
0x00007ffdce530000 - 0x00007ffdce57a000 	C:\WINDOWS\System32\cfgmgr32.dll
0x0000000056690000 - 0x000000005669f000 	C:\Program Files\Java\jre1.8.0_111\bin\verify.dll
0x0000000056660000 - 0x0000000056689000 	C:\Program Files\Java\jre1.8.0_111\bin\java.dll
0x0000000056640000 - 0x0000000056656000 	C:\Program Files\Java\jre1.8.0_111\bin\zip.dll
0x00007ffdd01d0000 - 0x00007ffdd08b6000 	C:\WINDOWS\System32\SHELL32.dll
0x00007ffdd0120000 - 0x00007ffdd01c9000 	C:\WINDOWS\System32\shcore.dll
0x00007ffdcdc50000 - 0x00007ffdce3d2000 	C:\WINDOWS\System32\windows.storage.dll
0x00007ffdcd830000 - 0x00007ffdcd853000 	C:\WINDOWS\System32\profapi.dll
0x00007ffdcd7e0000 - 0x00007ffdcd82a000 	C:\WINDOWS\System32\powrprof.dll
0x00007ffdcd7b0000 - 0x00007ffdcd7c0000 	C:\WINDOWS\System32\UMPDC.dll
0x00007ffdcecf0000 - 0x00007ffdced42000 	C:\WINDOWS\System32\shlwapi.dll
0x00007ffdcd7c0000 - 0x00007ffdcd7d1000 	C:\WINDOWS\System32\kernel.appcore.dll
0x00007ffdcdc30000 - 0x00007ffdcdc47000 	C:\WINDOWS\System32\cryptsp.dll
0x0000000055fd0000 - 0x0000000056168000 	C:\Program Files\Java\jre1.8.0_111\bin\awt.dll
0x00007ffdcee10000 - 0x00007ffdceed5000 	C:\WINDOWS\System32\OLEAUT32.dll
0x00007ffdcb780000 - 0x00007ffdcb80f000 	C:\WINDOWS\SYSTEM32\apphelp.dll
0x00007ffdcb850000 - 0x00007ffdcb8e9000 	C:\WINDOWS\system32\uxtheme.dll
0x00007ffdcf680000 - 0x00007ffdcf7b5000 	C:\WINDOWS\System32\MSCTF.dll
0x00007ffdcf510000 - 0x00007ffdcf667000 	C:\WINDOWS\System32\ole32.dll
0x0000000056620000 - 0x000000005663a000 	C:\Program Files\Java\jre1.8.0_111\bin\net.dll
0x00007ffdccfc0000 - 0x00007ffdcd027000 	C:\WINDOWS\system32\mswsock.dll
0x00007ffdccd60000 - 0x00007ffdcce2b000 	C:\WINDOWS\SYSTEM32\DNSAPI.dll
0x00007ffdcf670000 - 0x00007ffdcf678000 	C:\WINDOWS\System32\NSI.dll
0x00007ffdcccd0000 - 0x00007ffdccd0a000 	C:\WINDOWS\SYSTEM32\IPHLPAPI.DLL
0x00007ffdc4790000 - 0x00007ffdc479a000 	C:\Windows\System32\rasadhlp.dll
0x00007ffdc87d0000 - 0x00007ffdc8847000 	C:\WINDOWS\System32\fwpuclnt.dll
0x00007ffdcd960000 - 0x00007ffdcd986000 	C:\WINDOWS\System32\bcrypt.dll
0x00007ffdb1d10000 - 0x00007ffdb1d26000 	C:\WINDOWS\system32\napinsp.dll
0x00007ffdb1cf0000 - 0x00007ffdb1d0a000 	C:\WINDOWS\system32\pnrpnsp.dll
0x00007ffdc7320000 - 0x00007ffdc732e000 	C:\WINDOWS\System32\winrnr.dll
0x00007ffdc97b0000 - 0x00007ffdc97cc000 	C:\WINDOWS\system32\NLAapi.dll
0x00007ffdb1cd0000 - 0x00007ffdb1ce5000 	C:\WINDOWS\system32\wshbth.dll
0x00007ffdccb30000 - 0x00007ffdccb63000 	C:\WINDOWS\system32\rsaenh.dll
0x00007ffdcd6d0000 - 0x00007ffdcd6f5000 	C:\WINDOWS\SYSTEM32\USERENV.dll
0x00007ffdcd190000 - 0x00007ffdcd19c000 	C:\WINDOWS\SYSTEM32\CRYPTBASE.dll
0x00007ffdc8b80000 - 0x00007ffdc8b96000 	C:\WINDOWS\SYSTEM32\dhcpcsvc6.DLL
0x00007ffdc8b60000 - 0x00007ffdc8b7c000 	C:\WINDOWS\SYSTEM32\dhcpcsvc.DLL
0x0000000056600000 - 0x0000000056611000 	C:\Program Files\Java\jre1.8.0_111\bin\nio.dll
0x0000000056270000 - 0x0000000056294000 	C:\Program Files\Java\jre1.8.0_111\bin\sunec.dll
0x0000000056250000 - 0x000000005625b000 	C:\Program Files\Java\jre1.8.0_111\bin\sunmscapi.dll
0x00007ffdce3e0000 - 0x00007ffdce529000 	C:\WINDOWS\System32\CRYPT32.dll
0x00007ffdcd860000 - 0x00007ffdcd872000 	C:\WINDOWS\System32\MSASN1.dll
0x00007ffdb53d0000 - 0x00007ffdb541e000 	C:\sqljdbc_8.2\enu\auth\x64\mssql-jdbc_auth-8.2.2.x64.dll
0x00007ffdbabb0000 - 0x00007ffdbabbc000 	C:\WINDOWS\system32\secur32.dll
0x00007ffdcd6a0000 - 0x00007ffdcd6cf000 	C:\WINDOWS\SYSTEM32\SSPICLI.DLL
0x00007ffdcd080000 - 0x00007ffdcd183000 	C:\WINDOWS\system32\kerberos.DLL
0x00007ffdccf40000 - 0x00007ffdccfb7000 	C:\WINDOWS\system32\msv1_0.DLL
0x00007ffdccf30000 - 0x00007ffdccf3d000 	C:\WINDOWS\SYSTEM32\NtlmShared.dll
0x00007ffdcd030000 - 0x00007ffdcd044000 	C:\WINDOWS\SYSTEM32\cryptdll.dll
0x00007ffdaf380000 - 0x00007ffdaf3a8000 	C:\WINDOWS\system32\ntdsapi.dll
0x00007ffdcbe50000 - 0x00007ffdcbe7d000 	C:\WINDOWS\system32\DWMAPI.DLL
0x0000000055f80000 - 0x0000000055fc7000 	C:\Program Files\Java\jre1.8.0_111\bin\fontmanager.dll
0x00007ffdab260000 - 0x00007ffdab2f9000 	C:\WINDOWS\system32\RICHED20.DLL
0x00007ffdb5420000 - 0x00007ffdb5459000 	C:\WINDOWS\SYSTEM32\msls31.dll
0x00007ffdcb6d0000 - 0x00007ffdcb6e9000 	C:\WINDOWS\SYSTEM32\USP10.dll
0x00007ffdcec40000 - 0x00007ffdcece2000 	C:\WINDOWS\System32\clbcatq.dll
0x00007ffda5810000 - 0x00007ffda584a000 	C:\WINDOWS\system32\dataexchange.dll
0x00007ffdca200000 - 0x00007ffdca3dd000 	C:\WINDOWS\system32\dcomp.dll
0x00007ffdc9fa0000 - 0x00007ffdca1fb000 	C:\WINDOWS\system32\d3d11.dll
0x00007ffdcc4b0000 - 0x00007ffdcc59b000 	C:\WINDOWS\system32\dxgi.dll
0x00007ffdcc420000 - 0x00007ffdcc440000 	C:\WINDOWS\SYSTEM32\dxcore.dll
0x00007ffdcb910000 - 0x00007ffdcbb72000 	C:\WINDOWS\system32\twinapi.appcore.dll
0x00007ffdcbc80000 - 0x00007ffdcbca9000 	C:\WINDOWS\system32\RMCLIENT.dll
0x00007ffdc4f00000 - 0x00007ffdc4f9e000 	C:\WINDOWS\System32\TextInputFramework.dll
0x00007ffdc75a0000 - 0x00007ffdc78ca000 	C:\WINDOWS\System32\CoreUIComponents.dll
0x00007ffdcb5a0000 - 0x00007ffdcb674000 	C:\WINDOWS\System32\CoreMessaging.dll
0x00007ffdcc810000 - 0x00007ffdcc841000 	C:\WINDOWS\SYSTEM32\ntmarta.dll
0x00007ffdc95f0000 - 0x00007ffdc9743000 	C:\WINDOWS\SYSTEM32\wintypes.dll
0x00007ffdb1620000 - 0x00007ffdb1685000 	C:\WINDOWS\system32\Oleacc.dll
0x0000000055f30000 - 0x0000000055f72000 	C:\Program Files\Java\jre1.8.0_111\bin\t2k.dll
0x00007ffdbbd70000 - 0x00007ffdbc016000 	C:\WINDOWS\System32\iertutil.dll

VM Arguments:
jvm_args: -Dfile.encoding=Cp1252 
java_command: visual.Login
java_class_path (initial): C:\Users\gusgo\git\Proyecto-P1\TiendaComputadoras\bin;C:\Users\gusgo\git\Proyecto-P1\TiendaComputadoras\lib\jcommon-1.0.23.jar;C:\Users\gusgo\git\Proyecto-P1\TiendaComputadoras\lib\jfreechart-1.0.19.jar;C:\Users\gusgo\git\Proyecto-P1\TiendaComputadoras\lib\mssql-jdbc-8.2.2.jre8.jar
Launcher Type: SUN_STANDARD

Environment Variables:
USERNAME=gusgo
OS=Windows_NT
PROCESSOR_IDENTIFIER=Intel64 Family 6 Model 78 Stepping 3, GenuineIntel



---------------  S Y S T E M  ---------------

OS: Windows 10.0 , 64 bit Build 18362 (10.0.18362.959)

CPU:total 4 (2 cores per cpu, 2 threads per core) family 6 model 78 stepping 3, cmov, cx8, fxsr, mmx, sse, sse2, sse3, ssse3, sse4.1, sse4.2, popcnt, avx, avx2, aes, clmul, erms, 3dnowpref, lzcnt, ht, tsc, tscinvbit, bmi1, bmi2, adx

Memory: 4k page, physical 8278004k(1092324k free), swap 8278004k(5120k free)

vm_info: Java HotSpot(TM) 64-Bit Server VM (25.111-b14) for windows-amd64 JRE (1.8.0_111-b14), built on Sep 22 2016 19:24:05 by "java_re" with MS VC++ 10.0 (VS2010)

time: Sat Aug 01 15:03:48 2020
elapsed time: 7 seconds (0d 0h 0m 7s)

